{
  "RSpec": {
    "coverage": {
      "C:/Users/Sytze/RubymineProjects/secret-sint/api/app/models/user.rb": {
        "lines": [
          null,
          null,
          1,
          1,
          null,
          null,
          1,
          1,
          null
        ]
      },
      "C:/Users/Sytze/RubymineProjects/secret-sint/api/app/models/application_record.rb": {
        "lines": [
          null,
          null,
          1,
          1,
          null
        ]
      },
      "C:/Users/Sytze/RubymineProjects/secret-sint/api/app/models/group.rb": {
        "lines": [
          null,
          null,
          1,
          1,
          1,
          null,
          1,
          null,
          1,
          5,
          null,
          null,
          null,
          1,
          null,
          null,
          4,
          null,
          null,
          4,
          null,
          null,
          1,
          3,
          null,
          null,
          null,
          1,
          8,
          6,
          null,
          4,
          null,
          null
        ]
      },
      "C:/Users/Sytze/RubymineProjects/secret-sint/api/app/models/participation.rb": {
        "lines": [
          null,
          null,
          1,
          1,
          null,
          null,
          null,
          null,
          null,
          1,
          1,
          1,
          null,
          1,
          null
        ]
      },
      "C:/Users/Sytze/RubymineProjects/secret-sint/api/app/errors/invitation_error.rb": {
        "lines": [
          null,
          null,
          1,
          null
        ]
      },
      "C:/Users/Sytze/RubymineProjects/secret-sint/api/app/controllers/groups_controller.rb": {
        "lines": [
          null,
          null,
          1,
          1,
          null,
          1,
          2,
          null,
          null,
          1,
          1,
          null,
          null,
          null,
          null,
          1,
          2,
          2,
          null,
          null,
          2,
          1,
          null,
          null,
          1,
          null,
          null,
          null,
          1,
          2,
          1,
          null,
          1,
          null,
          null,
          null,
          1,
          1,
          null,
          null,
          1,
          3,
          3,
          1,
          1,
          null,
          null,
          1,
          null,
          1,
          15,
          null,
          null,
          1,
          4,
          null,
          null
        ]
      },
      "C:/Users/Sytze/RubymineProjects/secret-sint/api/app/controllers/application_controller.rb": {
        "lines": [
          null,
          null,
          1,
          1,
          null,
          1,
          5,
          null,
          null
        ]
      },
      "C:/Users/Sytze/RubymineProjects/secret-sint/api/app/errors/assign_secret_sints_error.rb": {
        "lines": [
          null,
          null,
          1,
          null
        ]
      },
      "C:/Users/Sytze/RubymineProjects/secret-sint/api/app/services/assign_secret_sints_service.rb": {
        "lines": [
          null,
          null,
          null,
          1,
          1,
          3,
          null,
          null,
          1,
          3,
          3,
          2,
          null,
          null,
          1,
          1,
          1,
          null,
          1,
          14,
          4,
          4,
          null,
          null,
          1,
          null,
          null,
          null,
          1,
          null,
          1,
          2,
          null,
          null
        ]
      },
      "C:/Users/Sytze/RubymineProjects/secret-sint/api/app/controllers/participations_controller.rb": {
        "lines": [
          null,
          null,
          1,
          1,
          1,
          1,
          null,
          1,
          3,
          1,
          2,
          1,
          null,
          1,
          null,
          null,
          null,
          1,
          3,
          1,
          null,
          null,
          1,
          7,
          2,
          2,
          null,
          null,
          5,
          4,
          null,
          0,
          null,
          null,
          null,
          null,
          1,
          3,
          2,
          2,
          null,
          null,
          1,
          null,
          null,
          1,
          null,
          1,
          19,
          null,
          null,
          1,
          14,
          7,
          7,
          4,
          null,
          3,
          null,
          null,
          null,
          1,
          5,
          null,
          1,
          null,
          null,
          1,
          5,
          3,
          null,
          2,
          null,
          null,
          null,
          1,
          5,
          null,
          null
        ]
      },
      "C:/Users/Sytze/RubymineProjects/secret-sint/api/app/controllers/users/sessions_controller.rb": {
        "lines": [
          null,
          null,
          1,
          1,
          1,
          null,
          1,
          null,
          1,
          1,
          null,
          null,
          1,
          1,
          0,
          null,
          1,
          null,
          null,
          null,
          null
        ]
      },
      "C:/Users/Sytze/RubymineProjects/secret-sint/api/app/controllers/users/registrations_controller.rb": {
        "lines": [
          null,
          null,
          1,
          1,
          1,
          null,
          1,
          null,
          1,
          2,
          1,
          null,
          1,
          null,
          null,
          null,
          null,
          null
        ]
      }
    },
    "timestamp": 1681321270
  }
}
